2019-03-22 09:52:56 Settings [DEBUG] Locale: en
2019-03-22 09:52:56 Settings [DEBUG] Locale: en
2019-03-22 09:52:56 GUI [ERROR] IOException, some error during getting config file!,, message: Users/unaizafaiz/Documents/UIC/Spring2019/CloudComputing/Homework/unaiza_faiz_hw4/chess-engine/libsconfig.txt (No such file or directory) stackTrace: [java.io.FileOutputStream.open0(Native Method), java.io.FileOutputStream.open(FileOutputStream.java:270), java.io.FileOutputStream.<init>(FileOutputStream.java:213), java.io.FileOutputStream.<init>(FileOutputStream.java:162), pl.art.lach.mateusz.javaopenchess.utils.GUI.saveConfigFileOutsideJar(GUI.java:181), pl.art.lach.mateusz.javaopenchess.utils.GUI.loadConfigFile(GUI.java:157), pl.art.lach.mateusz.javaopenchess.utils.GUI.getConfigFile(GUI.java:143), pl.art.lach.mateusz.javaopenchess.utils.GUI.loadImage(GUI.java:79), pl.art.lach.mateusz.javaopenchess.display.views.chessboard.ChessboardView.<clinit>(ChessboardView.java:35), pl.art.lach.mateusz.javaopenchess.core.Chessboard.<init>(Chessboard.java:105), pl.art.lach.mateusz.javaopenchess.core.Game.init(Game.java:131), pl.art.lach.mateusz.javaopenchess.core.Game.<init>(Game.java:123), com.javaopenchess.engine.ChessEngine.<init>(ChessEngine.java:26), com.javaopenchess.engine.ChessEngineTest.testMoveIfPlayerWhite_MovesBlackPiece(ChessEngineTest.java:38), sun.reflect.NativeMethodAccessorImpl.invoke0(Native Method), sun.reflect.NativeMethodAccessorImpl.invoke(NativeMethodAccessorImpl.java:62), sun.reflect.DelegatingMethodAccessorImpl.invoke(DelegatingMethodAccessorImpl.java:43), java.lang.reflect.Method.invoke(Method.java:498), org.junit.runners.model.FrameworkMethod$1.runReflectiveCall(FrameworkMethod.java:50), org.junit.internal.runners.model.ReflectiveCallable.run(ReflectiveCallable.java:12), org.junit.runners.model.FrameworkMethod.invokeExplosively(FrameworkMethod.java:47), org.junit.internal.runners.statements.InvokeMethod.evaluate(InvokeMethod.java:17), org.junit.runners.ParentRunner.runLeaf(ParentRunner.java:325), org.junit.runners.BlockJUnit4ClassRunner.runChild(BlockJUnit4ClassRunner.java:78), org.junit.runners.BlockJUnit4ClassRunner.runChild(BlockJUnit4ClassRunner.java:57), org.junit.runners.ParentRunner$3.run(ParentRunner.java:290), org.junit.runners.ParentRunner$1.schedule(ParentRunner.java:71), org.junit.runners.ParentRunner.runChildren(ParentRunner.java:288), org.junit.runners.ParentRunner.access$000(ParentRunner.java:58), org.junit.runners.ParentRunner$2.evaluate(ParentRunner.java:268), org.junit.runners.ParentRunner.run(ParentRunner.java:363), org.junit.runner.JUnitCore.run(JUnitCore.java:137), com.intellij.junit4.JUnit4IdeaTestRunner.startRunnerWithArgs(JUnit4IdeaTestRunner.java:68), com.intellij.rt.execution.junit.IdeaTestRunner$Repeater.startRunnerWithArgs(IdeaTestRunner.java:47), com.intellij.rt.execution.junit.JUnitStarter.prepareStreamsAndStart(JUnitStarter.java:242), com.intellij.rt.execution.junit.JUnitStarter.main(JUnitStarter.java:70)]
2019-03-22 09:52:56 GUI [ERROR] IOException, some error during getting config file!,, message: Users/unaizafaiz/Documents/UIC/Spring2019/CloudComputing/Homework/unaiza_faiz_hw4/chess-engine/libsconfig.txt (No such file or directory) stackTrace: [java.io.FileInputStream.open0(Native Method), java.io.FileInputStream.open(FileInputStream.java:195), java.io.FileInputStream.<init>(FileInputStream.java:138), pl.art.lach.mateusz.javaopenchess.utils.GUI.loadOuterConfigFile(GUI.java:167), pl.art.lach.mateusz.javaopenchess.utils.GUI.loadConfigFile(GUI.java:159), pl.art.lach.mateusz.javaopenchess.utils.GUI.getConfigFile(GUI.java:143), pl.art.lach.mateusz.javaopenchess.utils.GUI.loadImage(GUI.java:79), pl.art.lach.mateusz.javaopenchess.display.views.chessboard.ChessboardView.<clinit>(ChessboardView.java:35), pl.art.lach.mateusz.javaopenchess.core.Chessboard.<init>(Chessboard.java:105), pl.art.lach.mateusz.javaopenchess.core.Game.init(Game.java:131), pl.art.lach.mateusz.javaopenchess.core.Game.<init>(Game.java:123), com.javaopenchess.engine.ChessEngine.<init>(ChessEngine.java:26), com.javaopenchess.engine.ChessEngineTest.testMoveIfPlayerWhite_MovesBlackPiece(ChessEngineTest.java:38), sun.reflect.NativeMethodAccessorImpl.invoke0(Native Method), sun.reflect.NativeMethodAccessorImpl.invoke(NativeMethodAccessorImpl.java:62), sun.reflect.DelegatingMethodAccessorImpl.invoke(DelegatingMethodAccessorImpl.java:43), java.lang.reflect.Method.invoke(Method.java:498), org.junit.runners.model.FrameworkMethod$1.runReflectiveCall(FrameworkMethod.java:50), org.junit.internal.runners.model.ReflectiveCallable.run(ReflectiveCallable.java:12), org.junit.runners.model.FrameworkMethod.invokeExplosively(FrameworkMethod.java:47), org.junit.internal.runners.statements.InvokeMethod.evaluate(InvokeMethod.java:17), org.junit.runners.ParentRunner.runLeaf(ParentRunner.java:325), org.junit.runners.BlockJUnit4ClassRunner.runChild(BlockJUnit4ClassRunner.java:78), org.junit.runners.BlockJUnit4ClassRunner.runChild(BlockJUnit4ClassRunner.java:57), org.junit.runners.ParentRunner$3.run(ParentRunner.java:290), org.junit.runners.ParentRunner$1.schedule(ParentRunner.java:71), org.junit.runners.ParentRunner.runChildren(ParentRunner.java:288), org.junit.runners.ParentRunner.access$000(ParentRunner.java:58), org.junit.runners.ParentRunner$2.evaluate(ParentRunner.java:268), org.junit.runners.ParentRunner.run(ParentRunner.java:363), org.junit.runner.JUnitCore.run(JUnitCore.java:137), com.intellij.junit4.JUnit4IdeaTestRunner.startRunnerWithArgs(JUnit4IdeaTestRunner.java:68), com.intellij.rt.execution.junit.IdeaTestRunner$Repeater.startRunnerWithArgs(IdeaTestRunner.java:47), com.intellij.rt.execution.junit.JUnitStarter.prepareStreamsAndStart(JUnitStarter.java:242), com.intellij.rt.execution.junit.JUnitStarter.main(JUnitStarter.java:70)]
2019-03-22 09:52:56 GUI [DEBUG] THEME: null
2019-03-22 09:52:56 GUI [DEBUG] THEME: null
2019-03-22 09:52:56 GUI [DEBUG] THEME: null
2019-03-22 09:52:56 GUI [DEBUG] THEME: null
2019-03-22 09:52:56 GUI [DEBUG] THEME: null
2019-03-22 09:52:56 GUI [DEBUG] THEME: null
2019-03-22 09:52:57 GUI [DEBUG] THEME: null
2019-03-22 09:52:57 GUI [DEBUG] THEME: null
2019-03-22 09:52:57 GUI [DEBUG] THEME: null
2019-03-22 09:52:57 GUI [DEBUG] THEME: null
2019-03-22 09:52:57 GUI [DEBUG] THEME: null
2019-03-22 09:52:57 GUI [DEBUG] THEME: null
2019-03-22 09:52:57 GUI [DEBUG] THEME: null
2019-03-22 09:52:57 GUI [DEBUG] THEME: null
2019-03-22 09:52:57 GUI [DEBUG] THEME: null
2019-03-22 09:52:57 GUI [DEBUG] THEME: null
2019-03-22 09:52:57 GUI [DEBUG] THEME: null
2019-03-22 09:52:57 GUI [DEBUG] THEME: null
2019-03-22 09:52:57 GUI [DEBUG] THEME: null
2019-03-22 09:52:57 GUI [DEBUG] THEME: null
2019-03-22 09:52:57 GUI [DEBUG] THEME: null
2019-03-22 09:52:57 GUI [DEBUG] THEME: null
2019-03-22 09:52:57 GUI [DEBUG] THEME: null
2019-03-22 09:52:57 GUI [DEBUG] THEME: null
2019-03-22 09:52:57 GUI [DEBUG] THEME: null
2019-03-22 09:52:57 GUI [DEBUG] THEME: null
2019-03-22 09:52:57 GUI [DEBUG] THEME: null
2019-03-22 09:52:57 GUI [DEBUG] THEME: null
2019-03-22 09:52:57 GUI [DEBUG] THEME: null
2019-03-22 09:52:57 GUI [DEBUG] THEME: null
2019-03-22 09:52:57 GUI [DEBUG] THEME: null
2019-03-22 09:52:57 GUI [DEBUG] THEME: null
2019-03-22 09:52:57 GUI [DEBUG] THEME: null
2019-03-22 09:52:57 GUI [DEBUG] THEME: null
2019-03-22 09:52:57 GUI [DEBUG] THEME: null
2019-03-22 09:52:57 GUI [DEBUG] THEME: null
2019-03-22 09:52:57 GUI [DEBUG] THEME: null
2019-03-22 09:52:57 GUI [DEBUG] THEME: null
2019-03-22 09:52:57 GUI [DEBUG] THEME: null
2019-03-22 09:52:57 GUI [DEBUG] THEME: null
2019-03-22 09:52:57 GUI [DEBUG] THEME: null
2019-03-22 09:52:57 GUI [DEBUG] THEME: null
2019-03-22 09:52:57 GUI [DEBUG] THEME: null
2019-03-22 09:52:57 GUI [DEBUG] THEME: null
2019-03-22 09:52:57 GUI [DEBUG] THEME: null
2019-03-22 09:52:57 GUI [DEBUG] THEME: null
2019-03-22 09:52:57 GUI [DEBUG] THEME: null
2019-03-22 09:52:57 GUI [DEBUG] THEME: null
2019-03-22 09:52:57 GUI [DEBUG] THEME: null
2019-03-22 09:52:57 GUI [DEBUG] THEME: null
2019-03-22 09:52:57 GUI [DEBUG] THEME: null
2019-03-22 09:52:58 Settings [DEBUG] Locale: en
2019-03-22 09:52:58 Settings [DEBUG] Locale: en
2019-03-22 09:52:58 Settings [DEBUG] Locale: en
2019-03-22 09:52:58 Settings [DEBUG] Locale: en
2019-03-22 09:52:58 Settings [DEBUG] Locale: en
2019-03-22 09:52:58 Settings [DEBUG] Locale: en
2019-03-22 09:52:58 Settings [DEBUG] Locale: en
2019-03-22 09:52:58 Settings [DEBUG] Locale: en
2019-03-22 09:52:58 Settings [DEBUG] Locale: en
2019-03-22 09:52:58 Settings [DEBUG] Locale: en
2019-03-22 09:52:58 Settings [DEBUG] Locale: en
2019-03-22 09:52:58 Settings [DEBUG] Locale: en
2019-03-22 09:52:58 Settings [DEBUG] Locale: en
2019-03-22 09:52:58 Settings [DEBUG] Locale: en
2019-03-22 09:52:58 Settings [DEBUG] Locale: en
2019-03-22 09:52:58 Settings [DEBUG] Locale: en
2019-03-22 09:52:58 Settings [DEBUG] Locale: en
2019-03-22 09:52:58 Settings [DEBUG] Locale: en
2019-03-22 09:52:58 Settings [DEBUG] Locale: en
2019-03-22 09:52:58 Settings [DEBUG] Locale: en
2019-03-22 09:52:58 Settings [DEBUG] Locale: en
2019-03-22 09:52:58 Settings [DEBUG] Locale: en
2019-03-22 09:52:58 Settings [DEBUG] Locale: en
2019-03-22 09:52:58 Settings [DEBUG] Locale: en
2019-03-22 09:52:58 Settings [DEBUG] Locale: en
2019-03-22 09:52:58 Settings [DEBUG] Locale: en
2019-03-22 09:52:58 Game [DEBUG] next move, active player: CPU, color: BLACK, type: COMPUTER
2019-03-22 09:52:58 Game [DEBUG] next move, active player: CPU, color: WHITE, type: COMPUTER
2019-03-22 09:52:58 Game [DEBUG] next move, active player: CPU, color: BLACK, type: COMPUTER
2019-03-22 09:52:58 Settings [DEBUG] Locale: en
2019-03-22 09:52:58 Settings [DEBUG] Locale: en
2019-03-22 09:52:58 Settings [DEBUG] Locale: en
2019-03-22 09:52:58 Settings [DEBUG] Locale: en
2019-03-22 09:52:58 Settings [DEBUG] Locale: en
2019-03-22 09:52:58 Settings [DEBUG] Locale: en
2019-03-22 09:52:58 Settings [DEBUG] Locale: en
2019-03-22 09:52:58 Game [DEBUG] next move, active player: CPU, color: BLACK, type: COMPUTER
2019-03-22 09:52:58 Settings [DEBUG] Locale: en
2019-03-22 09:52:58 Settings [DEBUG] Locale: en
2019-03-22 09:52:58 Settings [DEBUG] Locale: en
2019-03-22 09:52:58 Settings [DEBUG] Locale: en
2019-03-22 09:52:58 Settings [DEBUG] Locale: en
2019-03-22 09:52:58 Settings [DEBUG] Locale: en
2019-03-22 09:52:58 Settings [DEBUG] Locale: en
2019-03-22 09:52:58 Settings [DEBUG] Locale: en
2019-03-22 09:52:58 Settings [DEBUG] Locale: en
2019-03-22 09:52:58 Settings [DEBUG] Locale: en
2019-03-22 09:52:58 Settings [DEBUG] Locale: en
2019-03-22 09:52:58 Settings [DEBUG] Locale: en
2019-03-22 09:52:58 Settings [DEBUG] Locale: en
2019-03-22 09:52:58 Settings [DEBUG] Locale: en
2019-03-22 09:52:58 Settings [DEBUG] Locale: en
2019-03-22 09:52:58 Settings [DEBUG] Locale: en
2019-03-22 09:52:58 Settings [DEBUG] Locale: en
2019-03-22 09:52:58 Settings [DEBUG] Locale: en
2019-03-22 09:52:58 Settings [DEBUG] Locale: en
2019-03-22 09:52:58 Settings [DEBUG] Locale: en
2019-03-22 09:52:58 Settings [DEBUG] Locale: en
2019-03-22 09:52:59 Game [DEBUG] next move, active player: CPU, color: BLACK, type: COMPUTER
2019-03-22 09:52:59 Settings [DEBUG] Locale: en
2019-03-22 09:52:59 Settings [DEBUG] Locale: en
2019-03-22 09:52:59 Settings [DEBUG] Locale: en
2019-03-22 09:52:59 Settings [DEBUG] Locale: en
2019-03-22 09:52:59 Settings [DEBUG] Locale: en
2019-03-22 09:52:59 Settings [DEBUG] Locale: en
2019-03-22 09:52:59 Settings [DEBUG] Locale: en
2019-03-22 09:52:59 Game [DEBUG] next move, active player: CPU, color: BLACK, type: COMPUTER
2019-03-22 09:52:59 Game [DEBUG] next move, active player: CPU, color: WHITE, type: COMPUTER
2019-03-22 09:52:59 Settings [DEBUG] Locale: en
2019-03-22 09:52:59 Settings [DEBUG] Locale: en
2019-03-22 09:52:59 Settings [DEBUG] Locale: en
2019-03-22 09:52:59 Settings [DEBUG] Locale: en
2019-03-22 09:52:59 Settings [DEBUG] Locale: en
2019-03-22 09:52:59 Settings [DEBUG] Locale: en
2019-03-22 09:52:59 Settings [DEBUG] Locale: en
2019-03-22 09:52:59 Settings [DEBUG] Locale: en
2019-03-22 09:52:59 Settings [DEBUG] Locale: en
2019-03-22 09:52:59 Settings [DEBUG] Locale: en
2019-03-22 09:52:59 Settings [DEBUG] Locale: en
2019-03-22 09:52:59 Settings [DEBUG] Locale: en
2019-03-22 09:52:59 Settings [DEBUG] Locale: en
2019-03-22 09:52:59 Settings [DEBUG] Locale: en
2019-03-22 09:52:59 Game [DEBUG] next move, active player: CPU, color: BLACK, type: COMPUTER
2019-03-22 09:52:59 Game [DEBUG] next move, active player: CPU, color: BLACK, type: COMPUTER
2019-03-22 09:52:59 Game [DEBUG] next move, active player: CPU, color: WHITE, type: COMPUTER
2019-03-22 09:52:59 Game [DEBUG] next move, active player: CPU, color: WHITE, type: COMPUTER
2019-03-22 09:52:59 Game [DEBUG] next move, active player: CPU, color: BLACK, type: COMPUTER
2019-03-22 09:52:59 Game [DEBUG] next move, active player: CPU, color: BLACK, type: COMPUTER
2019-03-22 09:52:59 Game [DEBUG] next move, active player: CPU, color: WHITE, type: COMPUTER
2019-03-22 09:52:59 Game [DEBUG] next move, active player: CPU, color: WHITE, type: COMPUTER
2019-03-22 09:52:59 Game [DEBUG] next move, active player: CPU, color: BLACK, type: COMPUTER
2019-03-22 09:52:59 Game [DEBUG] next move, active player: CPU, color: BLACK, type: COMPUTER
2019-03-22 09:52:59 Game [DEBUG] next move, active player: CPU, color: WHITE, type: COMPUTER
2019-03-22 09:52:59 Game [DEBUG] next move, active player: CPU, color: WHITE, type: COMPUTER
2019-03-22 09:52:59 Game [DEBUG] next move, active player: CPU, color: BLACK, type: COMPUTER
2019-03-22 09:52:59 Game [DEBUG] next move, active player: CPU, color: BLACK, type: COMPUTER
2019-03-22 09:52:59 Game [DEBUG] next move, active player: CPU, color: WHITE, type: COMPUTER
2019-03-22 09:52:59 Game [DEBUG] next move, active player: CPU, color: WHITE, type: COMPUTER
2019-03-22 09:52:59 Game [DEBUG] next move, active player: CPU, color: BLACK, type: COMPUTER
2019-03-22 09:52:59 Game [DEBUG] next move, active player: CPU, color: BLACK, type: COMPUTER
2019-03-22 09:52:59 Game [DEBUG] next move, active player: CPU, color: WHITE, type: COMPUTER
2019-03-22 09:52:59 Game [DEBUG] next move, active player: CPU, color: WHITE, type: COMPUTER
2019-03-22 09:52:59 Game [DEBUG] next move, active player: CPU, color: BLACK, type: COMPUTER
2019-03-22 09:52:59 Game [DEBUG] next move, active player: CPU, color: BLACK, type: COMPUTER
2019-03-22 09:52:59 Game [DEBUG] next move, active player: CPU, color: WHITE, type: COMPUTER
2019-03-22 09:52:59 Game [DEBUG] next move, active player: CPU, color: WHITE, type: COMPUTER
2019-03-22 09:52:59 Game [DEBUG] next move, active player: CPU, color: BLACK, type: COMPUTER
2019-03-22 09:52:59 Game [DEBUG] next move, active player: CPU, color: BLACK, type: COMPUTER
2019-03-22 09:52:59 Game [DEBUG] next move, active player: CPU, color: WHITE, type: COMPUTER
2019-03-22 09:52:59 Game [DEBUG] next move, active player: CPU, color: WHITE, type: COMPUTER
2019-03-22 09:52:59 Game [DEBUG] next move, active player: CPU, color: BLACK, type: COMPUTER
2019-03-22 09:52:59 Game [DEBUG] next move, active player: CPU, color: BLACK, type: COMPUTER
2019-03-22 09:52:59 Game [DEBUG] next move, active player: CPU, color: WHITE, type: COMPUTER
2019-03-22 09:52:59 Game [DEBUG] next move, active player: CPU, color: WHITE, type: COMPUTER
2019-03-22 09:52:59 Game [DEBUG] next move, active player: CPU, color: BLACK, type: COMPUTER
2019-03-22 09:52:59 Game [DEBUG] next move, active player: CPU, color: BLACK, type: COMPUTER
2019-03-22 09:52:59 Game [DEBUG] next move, active player: CPU, color: WHITE, type: COMPUTER
2019-03-22 09:52:59 Game [DEBUG] next move, active player: CPU, color: WHITE, type: COMPUTER
2019-03-22 09:52:59 Game [DEBUG] next move, active player: CPU, color: BLACK, type: COMPUTER
2019-03-22 09:52:59 Game [DEBUG] next move, active player: CPU, color: BLACK, type: COMPUTER
2019-03-22 09:52:59 Game [DEBUG] next move, active player: CPU, color: WHITE, type: COMPUTER
2019-03-22 09:52:59 Game [DEBUG] next move, active player: CPU, color: WHITE, type: COMPUTER
2019-03-22 09:52:59 Game [DEBUG] next move, active player: CPU, color: BLACK, type: COMPUTER
2019-03-22 09:52:59 Game [DEBUG] next move, active player: CPU, color: BLACK, type: COMPUTER
2019-03-22 09:52:59 Game [DEBUG] next move, active player: CPU, color: WHITE, type: COMPUTER
2019-03-22 09:52:59 Game [DEBUG] next move, active player: CPU, color: WHITE, type: COMPUTER
2019-03-22 09:52:59 Game [DEBUG] next move, active player: CPU, color: BLACK, type: COMPUTER
2019-03-22 09:52:59 Game [DEBUG] next move, active player: CPU, color: BLACK, type: COMPUTER
2019-03-22 09:52:59 Game [DEBUG] next move, active player: CPU, color: WHITE, type: COMPUTER
2019-03-22 09:52:59 Game [DEBUG] next move, active player: CPU, color: WHITE, type: COMPUTER
2019-03-22 09:52:59 Game [DEBUG] next move, active player: CPU, color: BLACK, type: COMPUTER
2019-03-22 09:52:59 Game [DEBUG] next move, active player: CPU, color: BLACK, type: COMPUTER
2019-03-22 09:52:59 Game [DEBUG] next move, active player: CPU, color: WHITE, type: COMPUTER
2019-03-22 09:52:59 Game [DEBUG] next move, active player: CPU, color: WHITE, type: COMPUTER
2019-03-22 09:52:59 Game [DEBUG] next move, active player: CPU, color: BLACK, type: COMPUTER
2019-03-22 09:52:59 Game [DEBUG] next move, active player: CPU, color: BLACK, type: COMPUTER
2019-03-22 09:52:59 Game [DEBUG] next move, active player: CPU, color: WHITE, type: COMPUTER
2019-03-22 09:52:59 Game [DEBUG] next move, active player: CPU, color: WHITE, type: COMPUTER
2019-03-22 09:52:59 Game [DEBUG] next move, active player: CPU, color: BLACK, type: COMPUTER
2019-03-22 09:52:59 Game [DEBUG] next move, active player: CPU, color: BLACK, type: COMPUTER
2019-03-22 09:52:59 Game [DEBUG] next move, active player: CPU, color: WHITE, type: COMPUTER
2019-03-22 09:52:59 Game [DEBUG] next move, active player: CPU, color: WHITE, type: COMPUTER
2019-03-22 09:52:59 Game [DEBUG] next move, active player: CPU, color: BLACK, type: COMPUTER
2019-03-22 09:52:59 Game [DEBUG] next move, active player: CPU, color: BLACK, type: COMPUTER
2019-03-22 09:52:59 Game [DEBUG] next move, active player: CPU, color: WHITE, type: COMPUTER
2019-03-22 09:52:59 Game [DEBUG] next move, active player: CPU, color: WHITE, type: COMPUTER
2019-03-22 09:52:59 Game [DEBUG] next move, active player: CPU, color: BLACK, type: COMPUTER
2019-03-22 09:52:59 Game [DEBUG] next move, active player: CPU, color: BLACK, type: COMPUTER
2019-03-22 09:52:59 Game [DEBUG] next move, active player: CPU, color: WHITE, type: COMPUTER
2019-03-22 09:52:59 Game [DEBUG] next move, active player: CPU, color: WHITE, type: COMPUTER
2019-03-22 09:52:59 Game [DEBUG] next move, active player: CPU, color: BLACK, type: COMPUTER
2019-03-22 09:52:59 Game [DEBUG] next move, active player: CPU, color: BLACK, type: COMPUTER
2019-03-22 09:52:59 Game [DEBUG] next move, active player: CPU, color: WHITE, type: COMPUTER
2019-03-22 09:52:59 Game [DEBUG] next move, active player: CPU, color: WHITE, type: COMPUTER
2019-03-22 09:52:59 Game [DEBUG] next move, active player: CPU, color: BLACK, type: COMPUTER
2019-03-22 09:52:59 Game [DEBUG] next move, active player: CPU, color: BLACK, type: COMPUTER
2019-03-22 09:52:59 Game [DEBUG] next move, active player: CPU, color: WHITE, type: COMPUTER
2019-03-22 09:52:59 Game [DEBUG] next move, active player: CPU, color: WHITE, type: COMPUTER
2019-03-22 09:52:59 Game [DEBUG] next move, active player: CPU, color: BLACK, type: COMPUTER
2019-03-22 09:52:59 Game [DEBUG] next move, active player: CPU, color: BLACK, type: COMPUTER
2019-03-22 09:52:59 Game [DEBUG] next move, active player: CPU, color: WHITE, type: COMPUTER
2019-03-22 09:52:59 Game [DEBUG] next move, active player: CPU, color: WHITE, type: COMPUTER
2019-03-22 09:52:59 Game [DEBUG] next move, active player: CPU, color: BLACK, type: COMPUTER
2019-03-22 09:52:59 Game [DEBUG] next move, active player: CPU, color: BLACK, type: COMPUTER
2019-03-22 09:52:59 Game [DEBUG] next move, active player: CPU, color: WHITE, type: COMPUTER
2019-03-22 09:52:59 Game [DEBUG] next move, active player: CPU, color: WHITE, type: COMPUTER
2019-03-22 09:52:59 Game [DEBUG] next move, active player: CPU, color: BLACK, type: COMPUTER
2019-03-22 09:52:59 Game [DEBUG] next move, active player: CPU, color: BLACK, type: COMPUTER
2019-03-22 09:52:59 Game [DEBUG] next move, active player: CPU, color: WHITE, type: COMPUTER
2019-03-22 09:52:59 Game [DEBUG] next move, active player: CPU, color: WHITE, type: COMPUTER
2019-03-22 09:52:59 Game [DEBUG] next move, active player: CPU, color: BLACK, type: COMPUTER
2019-03-22 09:52:59 Game [DEBUG] next move, active player: CPU, color: BLACK, type: COMPUTER
2019-03-22 09:52:59 Game [DEBUG] next move, active player: CPU, color: WHITE, type: COMPUTER
2019-03-22 09:52:59 Game [DEBUG] next move, active player: CPU, color: WHITE, type: COMPUTER
2019-03-22 09:52:59 Game [DEBUG] next move, active player: CPU, color: BLACK, type: COMPUTER
2019-03-22 09:52:59 Game [DEBUG] next move, active player: CPU, color: BLACK, type: COMPUTER
2019-03-22 09:52:59 Game [DEBUG] next move, active player: CPU, color: WHITE, type: COMPUTER
2019-03-22 09:52:59 Game [DEBUG] next move, active player: CPU, color: WHITE, type: COMPUTER
2019-03-22 09:52:59 Game [DEBUG] next move, active player: CPU, color: BLACK, type: COMPUTER
2019-03-22 09:52:59 Settings [DEBUG] Locale: en
2019-03-22 09:52:59 Settings [DEBUG] Locale: en
2019-03-22 09:52:59 Settings [DEBUG] Locale: en
2019-03-22 09:52:59 Settings [DEBUG] Locale: en
2019-03-22 09:52:59 Settings [DEBUG] Locale: en
2019-03-22 09:52:59 Settings [DEBUG] Locale: en
2019-03-22 09:52:59 Settings [DEBUG] Locale: en
2019-03-22 09:52:59 Game [DEBUG] next move, active player: CPU, color: BLACK, type: COMPUTER
2019-03-22 09:52:59 Game [DEBUG] next move, active player: CPU, color: WHITE, type: COMPUTER
2019-03-22 09:52:59 Game [DEBUG] next move, active player: CPU, color: BLACK, type: COMPUTER
2019-03-22 09:52:59 Game [DEBUG] next move, active player: CPU, color: WHITE, type: COMPUTER
2019-03-22 09:52:59 Game [DEBUG] next move, active player: CPU, color: BLACK, type: COMPUTER
2019-03-22 09:52:59 Settings [DEBUG] Locale: en
2019-03-22 09:52:59 Settings [DEBUG] Locale: en
2019-03-22 09:52:59 Settings [DEBUG] Locale: en
2019-03-22 09:52:59 Settings [DEBUG] Locale: en
2019-03-22 09:52:59 Settings [DEBUG] Locale: en
2019-03-22 09:52:59 Settings [DEBUG] Locale: en
2019-03-22 09:52:59 Settings [DEBUG] Locale: en
2019-03-22 09:52:59 Game [DEBUG] next move, active player: CPU, color: BLACK, type: COMPUTER
2019-03-22 09:52:59 Game [DEBUG] next move, active player: CPU, color: WHITE, type: COMPUTER
2019-03-22 09:52:59 Settings [DEBUG] Locale: en
2019-03-22 09:52:59 Settings [DEBUG] Locale: en
2019-03-22 09:52:59 Settings [DEBUG] Locale: en
2019-03-22 09:52:59 Settings [DEBUG] Locale: en
2019-03-22 09:52:59 Settings [DEBUG] Locale: en
2019-03-22 09:52:59 Settings [DEBUG] Locale: en
2019-03-22 09:52:59 Settings [DEBUG] Locale: en
2019-03-22 09:52:59 Game [DEBUG] next move, active player: CPU, color: BLACK, type: COMPUTER
2019-03-22 09:52:59 Game [DEBUG] next move, active player: CPU, color: WHITE, type: COMPUTER
2019-03-22 09:52:59 Game [DEBUG] next move, active player: CPU, color: BLACK, type: COMPUTER
2019-03-22 09:52:59 Settings [DEBUG] Locale: en
2019-03-22 09:52:59 Settings [DEBUG] Locale: en
2019-03-22 09:52:59 Settings [DEBUG] Locale: en
2019-03-22 09:52:59 Settings [DEBUG] Locale: en
2019-03-22 09:52:59 Settings [DEBUG] Locale: en
2019-03-22 09:52:59 Settings [DEBUG] Locale: en
2019-03-22 09:52:59 Settings [DEBUG] Locale: en
