2019-03-22 12:34:56 Settings [DEBUG] Locale: en
2019-03-22 12:34:56 Settings [DEBUG] Locale: en
2019-03-22 12:34:56 GUI [ERROR] IOException, some error during getting config file!,, message: Users/unaizafaiz/Documents/UIC/Spring2019/CloudComputing/Homework/unaiza_faiz_hw4/chessengine-restapi/libconfig.txt (No such file or directory) stackTrace: [java.io.FileOutputStream.open0(Native Method), java.io.FileOutputStream.open(FileOutputStream.java:270), java.io.FileOutputStream.<init>(FileOutputStream.java:213), java.io.FileOutputStream.<init>(FileOutputStream.java:162), pl.art.lach.mateusz.javaopenchess.utils.GUI.saveConfigFileOutsideJar(GUI.java:181), pl.art.lach.mateusz.javaopenchess.utils.GUI.loadConfigFile(GUI.java:157), pl.art.lach.mateusz.javaopenchess.utils.GUI.getConfigFile(GUI.java:143), pl.art.lach.mateusz.javaopenchess.utils.GUI.loadImage(GUI.java:79), pl.art.lach.mateusz.javaopenchess.display.views.chessboard.ChessboardView.<clinit>(ChessboardView.java:35), pl.art.lach.mateusz.javaopenchess.core.Chessboard.<init>(Chessboard.java:105), pl.art.lach.mateusz.javaopenchess.core.Game.init(Game.java:131), pl.art.lach.mateusz.javaopenchess.core.Game.<init>(Game.java:123), com.javaopenchess.engine.ChessEngine.<init>(ChessEngine.java:26), com.chessapi.utility.UtilityTest.getNextMove(UtilityTest.java:59), sun.reflect.NativeMethodAccessorImpl.invoke0(Native Method), sun.reflect.NativeMethodAccessorImpl.invoke(NativeMethodAccessorImpl.java:62), sun.reflect.DelegatingMethodAccessorImpl.invoke(DelegatingMethodAccessorImpl.java:43), java.lang.reflect.Method.invoke(Method.java:498), org.junit.runners.model.FrameworkMethod$1.runReflectiveCall(FrameworkMethod.java:50), org.junit.internal.runners.model.ReflectiveCallable.run(ReflectiveCallable.java:12), org.junit.runners.model.FrameworkMethod.invokeExplosively(FrameworkMethod.java:47), org.junit.internal.runners.statements.InvokeMethod.evaluate(InvokeMethod.java:17), org.junit.runners.ParentRunner.runLeaf(ParentRunner.java:325), org.junit.runners.BlockJUnit4ClassRunner.runChild(BlockJUnit4ClassRunner.java:78), org.junit.runners.BlockJUnit4ClassRunner.runChild(BlockJUnit4ClassRunner.java:57), org.junit.runners.ParentRunner$3.run(ParentRunner.java:290), org.junit.runners.ParentRunner$1.schedule(ParentRunner.java:71), org.junit.runners.ParentRunner.runChildren(ParentRunner.java:288), org.junit.runners.ParentRunner.access$000(ParentRunner.java:58), org.junit.runners.ParentRunner$2.evaluate(ParentRunner.java:268), org.junit.runners.ParentRunner.run(ParentRunner.java:363), org.gradle.api.internal.tasks.testing.junit.JUnitTestClassExecutor.runTestClass(JUnitTestClassExecutor.java:106), org.gradle.api.internal.tasks.testing.junit.JUnitTestClassExecutor.execute(JUnitTestClassExecutor.java:58), org.gradle.api.internal.tasks.testing.junit.JUnitTestClassExecutor.execute(JUnitTestClassExecutor.java:38), org.gradle.api.internal.tasks.testing.junit.AbstractJUnitTestClassProcessor.processTestClass(AbstractJUnitTestClassProcessor.java:66), org.gradle.api.internal.tasks.testing.SuiteTestClassProcessor.processTestClass(SuiteTestClassProcessor.java:51), sun.reflect.NativeMethodAccessorImpl.invoke0(Native Method), sun.reflect.NativeMethodAccessorImpl.invoke(NativeMethodAccessorImpl.java:62), sun.reflect.DelegatingMethodAccessorImpl.invoke(DelegatingMethodAccessorImpl.java:43), java.lang.reflect.Method.invoke(Method.java:498), org.gradle.internal.dispatch.ReflectionDispatch.dispatch(ReflectionDispatch.java:35), org.gradle.internal.dispatch.ReflectionDispatch.dispatch(ReflectionDispatch.java:24), org.gradle.internal.dispatch.ContextClassLoaderDispatch.dispatch(ContextClassLoaderDispatch.java:32), org.gradle.internal.dispatch.ProxyDispatchAdapter$DispatchingInvocationHandler.invoke(ProxyDispatchAdapter.java:93), com.sun.proxy.$Proxy2.processTestClass(Unknown Source), org.gradle.api.internal.tasks.testing.worker.TestWorker.processTestClass(TestWorker.java:117), sun.reflect.NativeMethodAccessorImpl.invoke0(Native Method), sun.reflect.NativeMethodAccessorImpl.invoke(NativeMethodAccessorImpl.java:62), sun.reflect.DelegatingMethodAccessorImpl.invoke(DelegatingMethodAccessorImpl.java:43), java.lang.reflect.Method.invoke(Method.java:498), org.gradle.internal.dispatch.ReflectionDispatch.dispatch(ReflectionDispatch.java:35), org.gradle.internal.dispatch.ReflectionDispatch.dispatch(ReflectionDispatch.java:24), org.gradle.internal.remote.internal.hub.MessageHubBackedObjectConnection$DispatchWrapper.dispatch(MessageHubBackedObjectConnection.java:155), org.gradle.internal.remote.internal.hub.MessageHubBackedObjectConnection$DispatchWrapper.dispatch(MessageHubBackedObjectConnection.java:137), org.gradle.internal.remote.internal.hub.MessageHub$Handler.run(MessageHub.java:404), org.gradle.internal.concurrent.ExecutorPolicy$CatchAndRecordFailures.onExecute(ExecutorPolicy.java:63), org.gradle.internal.concurrent.ManagedExecutorImpl$1.run(ManagedExecutorImpl.java:46), java.util.concurrent.ThreadPoolExecutor.runWorker(ThreadPoolExecutor.java:1149), java.util.concurrent.ThreadPoolExecutor$Worker.run(ThreadPoolExecutor.java:624), org.gradle.internal.concurrent.ThreadFactoryImpl$ManagedThreadRunnable.run(ThreadFactoryImpl.java:55), java.lang.Thread.run(Thread.java:748)]
2019-03-22 12:34:56 GUI [ERROR] IOException, some error during getting config file!,, message: Users/unaizafaiz/Documents/UIC/Spring2019/CloudComputing/Homework/unaiza_faiz_hw4/chessengine-restapi/libconfig.txt (No such file or directory) stackTrace: [java.io.FileInputStream.open0(Native Method), java.io.FileInputStream.open(FileInputStream.java:195), java.io.FileInputStream.<init>(FileInputStream.java:138), pl.art.lach.mateusz.javaopenchess.utils.GUI.loadOuterConfigFile(GUI.java:167), pl.art.lach.mateusz.javaopenchess.utils.GUI.loadConfigFile(GUI.java:159), pl.art.lach.mateusz.javaopenchess.utils.GUI.getConfigFile(GUI.java:143), pl.art.lach.mateusz.javaopenchess.utils.GUI.loadImage(GUI.java:79), pl.art.lach.mateusz.javaopenchess.display.views.chessboard.ChessboardView.<clinit>(ChessboardView.java:35), pl.art.lach.mateusz.javaopenchess.core.Chessboard.<init>(Chessboard.java:105), pl.art.lach.mateusz.javaopenchess.core.Game.init(Game.java:131), pl.art.lach.mateusz.javaopenchess.core.Game.<init>(Game.java:123), com.javaopenchess.engine.ChessEngine.<init>(ChessEngine.java:26), com.chessapi.utility.UtilityTest.getNextMove(UtilityTest.java:59), sun.reflect.NativeMethodAccessorImpl.invoke0(Native Method), sun.reflect.NativeMethodAccessorImpl.invoke(NativeMethodAccessorImpl.java:62), sun.reflect.DelegatingMethodAccessorImpl.invoke(DelegatingMethodAccessorImpl.java:43), java.lang.reflect.Method.invoke(Method.java:498), org.junit.runners.model.FrameworkMethod$1.runReflectiveCall(FrameworkMethod.java:50), org.junit.internal.runners.model.ReflectiveCallable.run(ReflectiveCallable.java:12), org.junit.runners.model.FrameworkMethod.invokeExplosively(FrameworkMethod.java:47), org.junit.internal.runners.statements.InvokeMethod.evaluate(InvokeMethod.java:17), org.junit.runners.ParentRunner.runLeaf(ParentRunner.java:325), org.junit.runners.BlockJUnit4ClassRunner.runChild(BlockJUnit4ClassRunner.java:78), org.junit.runners.BlockJUnit4ClassRunner.runChild(BlockJUnit4ClassRunner.java:57), org.junit.runners.ParentRunner$3.run(ParentRunner.java:290), org.junit.runners.ParentRunner$1.schedule(ParentRunner.java:71), org.junit.runners.ParentRunner.runChildren(ParentRunner.java:288), org.junit.runners.ParentRunner.access$000(ParentRunner.java:58), org.junit.runners.ParentRunner$2.evaluate(ParentRunner.java:268), org.junit.runners.ParentRunner.run(ParentRunner.java:363), org.gradle.api.internal.tasks.testing.junit.JUnitTestClassExecutor.runTestClass(JUnitTestClassExecutor.java:106), org.gradle.api.internal.tasks.testing.junit.JUnitTestClassExecutor.execute(JUnitTestClassExecutor.java:58), org.gradle.api.internal.tasks.testing.junit.JUnitTestClassExecutor.execute(JUnitTestClassExecutor.java:38), org.gradle.api.internal.tasks.testing.junit.AbstractJUnitTestClassProcessor.processTestClass(AbstractJUnitTestClassProcessor.java:66), org.gradle.api.internal.tasks.testing.SuiteTestClassProcessor.processTestClass(SuiteTestClassProcessor.java:51), sun.reflect.NativeMethodAccessorImpl.invoke0(Native Method), sun.reflect.NativeMethodAccessorImpl.invoke(NativeMethodAccessorImpl.java:62), sun.reflect.DelegatingMethodAccessorImpl.invoke(DelegatingMethodAccessorImpl.java:43), java.lang.reflect.Method.invoke(Method.java:498), org.gradle.internal.dispatch.ReflectionDispatch.dispatch(ReflectionDispatch.java:35), org.gradle.internal.dispatch.ReflectionDispatch.dispatch(ReflectionDispatch.java:24), org.gradle.internal.dispatch.ContextClassLoaderDispatch.dispatch(ContextClassLoaderDispatch.java:32), org.gradle.internal.dispatch.ProxyDispatchAdapter$DispatchingInvocationHandler.invoke(ProxyDispatchAdapter.java:93), com.sun.proxy.$Proxy2.processTestClass(Unknown Source), org.gradle.api.internal.tasks.testing.worker.TestWorker.processTestClass(TestWorker.java:117), sun.reflect.NativeMethodAccessorImpl.invoke0(Native Method), sun.reflect.NativeMethodAccessorImpl.invoke(NativeMethodAccessorImpl.java:62), sun.reflect.DelegatingMethodAccessorImpl.invoke(DelegatingMethodAccessorImpl.java:43), java.lang.reflect.Method.invoke(Method.java:498), org.gradle.internal.dispatch.ReflectionDispatch.dispatch(ReflectionDispatch.java:35), org.gradle.internal.dispatch.ReflectionDispatch.dispatch(ReflectionDispatch.java:24), org.gradle.internal.remote.internal.hub.MessageHubBackedObjectConnection$DispatchWrapper.dispatch(MessageHubBackedObjectConnection.java:155), org.gradle.internal.remote.internal.hub.MessageHubBackedObjectConnection$DispatchWrapper.dispatch(MessageHubBackedObjectConnection.java:137), org.gradle.internal.remote.internal.hub.MessageHub$Handler.run(MessageHub.java:404), org.gradle.internal.concurrent.ExecutorPolicy$CatchAndRecordFailures.onExecute(ExecutorPolicy.java:63), org.gradle.internal.concurrent.ManagedExecutorImpl$1.run(ManagedExecutorImpl.java:46), java.util.concurrent.ThreadPoolExecutor.runWorker(ThreadPoolExecutor.java:1149), java.util.concurrent.ThreadPoolExecutor$Worker.run(ThreadPoolExecutor.java:624), org.gradle.internal.concurrent.ThreadFactoryImpl$ManagedThreadRunnable.run(ThreadFactoryImpl.java:55), java.lang.Thread.run(Thread.java:748)]
2019-03-22 12:34:56 GUI [DEBUG] THEME: null
2019-03-22 12:34:56 GUI [DEBUG] THEME: null
2019-03-22 12:34:56 GUI [DEBUG] THEME: null
2019-03-22 12:34:56 GUI [DEBUG] THEME: null
2019-03-22 12:34:56 GUI [DEBUG] THEME: null
2019-03-22 12:34:56 GUI [DEBUG] THEME: null
2019-03-22 12:34:56 GUI [DEBUG] THEME: null
2019-03-22 12:34:56 GUI [DEBUG] THEME: null
2019-03-22 12:34:56 GUI [DEBUG] THEME: null
2019-03-22 12:34:56 GUI [DEBUG] THEME: null
2019-03-22 12:34:56 GUI [DEBUG] THEME: null
2019-03-22 12:34:56 GUI [DEBUG] THEME: null
2019-03-22 12:34:56 GUI [DEBUG] THEME: null
2019-03-22 12:34:56 GUI [DEBUG] THEME: null
2019-03-22 12:34:56 GUI [DEBUG] THEME: null
2019-03-22 12:34:56 GUI [DEBUG] THEME: null
2019-03-22 12:34:56 GUI [DEBUG] THEME: null
2019-03-22 12:34:56 GUI [DEBUG] THEME: null
2019-03-22 12:34:56 GUI [DEBUG] THEME: null
2019-03-22 12:34:56 GUI [DEBUG] THEME: null
2019-03-22 12:34:56 GUI [DEBUG] THEME: null
2019-03-22 12:34:56 GUI [DEBUG] THEME: null
2019-03-22 12:34:56 GUI [DEBUG] THEME: null
2019-03-22 12:34:56 GUI [DEBUG] THEME: null
2019-03-22 12:34:56 GUI [DEBUG] THEME: null
2019-03-22 12:34:56 GUI [DEBUG] THEME: null
2019-03-22 12:34:56 GUI [DEBUG] THEME: null
2019-03-22 12:34:56 GUI [DEBUG] THEME: null
2019-03-22 12:34:56 GUI [DEBUG] THEME: null
2019-03-22 12:34:56 GUI [DEBUG] THEME: null
2019-03-22 12:34:56 GUI [DEBUG] THEME: null
2019-03-22 12:34:56 GUI [DEBUG] THEME: null
2019-03-22 12:34:56 GUI [DEBUG] THEME: null
2019-03-22 12:34:56 GUI [DEBUG] THEME: null
2019-03-22 12:34:56 GUI [DEBUG] THEME: null
2019-03-22 12:34:56 GUI [DEBUG] THEME: null
2019-03-22 12:34:56 GUI [DEBUG] THEME: null
2019-03-22 12:34:56 GUI [DEBUG] THEME: null
2019-03-22 12:34:56 GUI [DEBUG] THEME: null
2019-03-22 12:34:56 GUI [DEBUG] THEME: null
2019-03-22 12:34:56 GUI [DEBUG] THEME: null
2019-03-22 12:34:56 GUI [DEBUG] THEME: null
2019-03-22 12:34:56 GUI [DEBUG] THEME: null
2019-03-22 12:34:56 GUI [DEBUG] THEME: null
2019-03-22 12:34:56 GUI [DEBUG] THEME: null
2019-03-22 12:34:56 GUI [DEBUG] THEME: null
2019-03-22 12:34:56 GUI [DEBUG] THEME: null
2019-03-22 12:34:56 GUI [DEBUG] THEME: null
2019-03-22 12:34:56 GUI [DEBUG] THEME: null
2019-03-22 12:34:56 GUI [DEBUG] THEME: null
2019-03-22 12:34:56 GUI [DEBUG] THEME: null
2019-03-22 12:34:59 Settings [DEBUG] Locale: en
2019-03-22 12:34:59 Settings [DEBUG] Locale: en
2019-03-22 12:34:59 Settings [DEBUG] Locale: en
2019-03-22 12:34:59 Settings [DEBUG] Locale: en
2019-03-22 12:34:59 Settings [DEBUG] Locale: en
2019-03-22 12:34:59 Game [DEBUG] next move, active player: CPU, color: BLACK, type: COMPUTER
2019-03-22 12:36:16 Settings [DEBUG] Locale: en
2019-03-22 12:36:16 Settings [DEBUG] Locale: en
2019-03-22 12:36:16 GUI [ERROR] IOException, some error during getting config file!,, message: Users/unaizafaiz/Documents/UIC/Spring2019/CloudComputing/Homework/unaiza_faiz_hw4/chessengine-restapi/libconfig.txt (No such file or directory) stackTrace: [java.io.FileOutputStream.open0(Native Method), java.io.FileOutputStream.open(FileOutputStream.java:270), java.io.FileOutputStream.<init>(FileOutputStream.java:213), java.io.FileOutputStream.<init>(FileOutputStream.java:162), pl.art.lach.mateusz.javaopenchess.utils.GUI.saveConfigFileOutsideJar(GUI.java:181), pl.art.lach.mateusz.javaopenchess.utils.GUI.loadConfigFile(GUI.java:157), pl.art.lach.mateusz.javaopenchess.utils.GUI.getConfigFile(GUI.java:143), pl.art.lach.mateusz.javaopenchess.utils.GUI.loadImage(GUI.java:79), pl.art.lach.mateusz.javaopenchess.display.views.chessboard.ChessboardView.<clinit>(ChessboardView.java:35), pl.art.lach.mateusz.javaopenchess.core.Chessboard.<init>(Chessboard.java:105), pl.art.lach.mateusz.javaopenchess.core.Game.init(Game.java:131), pl.art.lach.mateusz.javaopenchess.core.Game.<init>(Game.java:123), com.javaopenchess.engine.ChessEngine.<init>(ChessEngine.java:26), com.chessapi.utility.UtilityTest.getNextMove(UtilityTest.java:59), sun.reflect.NativeMethodAccessorImpl.invoke0(Native Method), sun.reflect.NativeMethodAccessorImpl.invoke(NativeMethodAccessorImpl.java:62), sun.reflect.DelegatingMethodAccessorImpl.invoke(DelegatingMethodAccessorImpl.java:43), java.lang.reflect.Method.invoke(Method.java:498), org.junit.runners.model.FrameworkMethod$1.runReflectiveCall(FrameworkMethod.java:50), org.junit.internal.runners.model.ReflectiveCallable.run(ReflectiveCallable.java:12), org.junit.runners.model.FrameworkMethod.invokeExplosively(FrameworkMethod.java:47), org.junit.internal.runners.statements.InvokeMethod.evaluate(InvokeMethod.java:17), org.junit.runners.ParentRunner.runLeaf(ParentRunner.java:325), org.junit.runners.BlockJUnit4ClassRunner.runChild(BlockJUnit4ClassRunner.java:78), org.junit.runners.BlockJUnit4ClassRunner.runChild(BlockJUnit4ClassRunner.java:57), org.junit.runners.ParentRunner$3.run(ParentRunner.java:290), org.junit.runners.ParentRunner$1.schedule(ParentRunner.java:71), org.junit.runners.ParentRunner.runChildren(ParentRunner.java:288), org.junit.runners.ParentRunner.access$000(ParentRunner.java:58), org.junit.runners.ParentRunner$2.evaluate(ParentRunner.java:268), org.junit.runners.ParentRunner.run(ParentRunner.java:363), org.gradle.api.internal.tasks.testing.junit.JUnitTestClassExecutor.runTestClass(JUnitTestClassExecutor.java:106), org.gradle.api.internal.tasks.testing.junit.JUnitTestClassExecutor.execute(JUnitTestClassExecutor.java:58), org.gradle.api.internal.tasks.testing.junit.JUnitTestClassExecutor.execute(JUnitTestClassExecutor.java:38), org.gradle.api.internal.tasks.testing.junit.AbstractJUnitTestClassProcessor.processTestClass(AbstractJUnitTestClassProcessor.java:66), org.gradle.api.internal.tasks.testing.SuiteTestClassProcessor.processTestClass(SuiteTestClassProcessor.java:51), sun.reflect.NativeMethodAccessorImpl.invoke0(Native Method), sun.reflect.NativeMethodAccessorImpl.invoke(NativeMethodAccessorImpl.java:62), sun.reflect.DelegatingMethodAccessorImpl.invoke(DelegatingMethodAccessorImpl.java:43), java.lang.reflect.Method.invoke(Method.java:498), org.gradle.internal.dispatch.ReflectionDispatch.dispatch(ReflectionDispatch.java:35), org.gradle.internal.dispatch.ReflectionDispatch.dispatch(ReflectionDispatch.java:24), org.gradle.internal.dispatch.ContextClassLoaderDispatch.dispatch(ContextClassLoaderDispatch.java:32), org.gradle.internal.dispatch.ProxyDispatchAdapter$DispatchingInvocationHandler.invoke(ProxyDispatchAdapter.java:93), com.sun.proxy.$Proxy2.processTestClass(Unknown Source), org.gradle.api.internal.tasks.testing.worker.TestWorker.processTestClass(TestWorker.java:117), sun.reflect.NativeMethodAccessorImpl.invoke0(Native Method), sun.reflect.NativeMethodAccessorImpl.invoke(NativeMethodAccessorImpl.java:62), sun.reflect.DelegatingMethodAccessorImpl.invoke(DelegatingMethodAccessorImpl.java:43), java.lang.reflect.Method.invoke(Method.java:498), org.gradle.internal.dispatch.ReflectionDispatch.dispatch(ReflectionDispatch.java:35), org.gradle.internal.dispatch.ReflectionDispatch.dispatch(ReflectionDispatch.java:24), org.gradle.internal.remote.internal.hub.MessageHubBackedObjectConnection$DispatchWrapper.dispatch(MessageHubBackedObjectConnection.java:155), org.gradle.internal.remote.internal.hub.MessageHubBackedObjectConnection$DispatchWrapper.dispatch(MessageHubBackedObjectConnection.java:137), org.gradle.internal.remote.internal.hub.MessageHub$Handler.run(MessageHub.java:404), org.gradle.internal.concurrent.ExecutorPolicy$CatchAndRecordFailures.onExecute(ExecutorPolicy.java:63), org.gradle.internal.concurrent.ManagedExecutorImpl$1.run(ManagedExecutorImpl.java:46), java.util.concurrent.ThreadPoolExecutor.runWorker(ThreadPoolExecutor.java:1149), java.util.concurrent.ThreadPoolExecutor$Worker.run(ThreadPoolExecutor.java:624), org.gradle.internal.concurrent.ThreadFactoryImpl$ManagedThreadRunnable.run(ThreadFactoryImpl.java:55), java.lang.Thread.run(Thread.java:748)]
2019-03-22 12:36:16 GUI [ERROR] IOException, some error during getting config file!,, message: Users/unaizafaiz/Documents/UIC/Spring2019/CloudComputing/Homework/unaiza_faiz_hw4/chessengine-restapi/libconfig.txt (No such file or directory) stackTrace: [java.io.FileInputStream.open0(Native Method), java.io.FileInputStream.open(FileInputStream.java:195), java.io.FileInputStream.<init>(FileInputStream.java:138), pl.art.lach.mateusz.javaopenchess.utils.GUI.loadOuterConfigFile(GUI.java:167), pl.art.lach.mateusz.javaopenchess.utils.GUI.loadConfigFile(GUI.java:159), pl.art.lach.mateusz.javaopenchess.utils.GUI.getConfigFile(GUI.java:143), pl.art.lach.mateusz.javaopenchess.utils.GUI.loadImage(GUI.java:79), pl.art.lach.mateusz.javaopenchess.display.views.chessboard.ChessboardView.<clinit>(ChessboardView.java:35), pl.art.lach.mateusz.javaopenchess.core.Chessboard.<init>(Chessboard.java:105), pl.art.lach.mateusz.javaopenchess.core.Game.init(Game.java:131), pl.art.lach.mateusz.javaopenchess.core.Game.<init>(Game.java:123), com.javaopenchess.engine.ChessEngine.<init>(ChessEngine.java:26), com.chessapi.utility.UtilityTest.getNextMove(UtilityTest.java:59), sun.reflect.NativeMethodAccessorImpl.invoke0(Native Method), sun.reflect.NativeMethodAccessorImpl.invoke(NativeMethodAccessorImpl.java:62), sun.reflect.DelegatingMethodAccessorImpl.invoke(DelegatingMethodAccessorImpl.java:43), java.lang.reflect.Method.invoke(Method.java:498), org.junit.runners.model.FrameworkMethod$1.runReflectiveCall(FrameworkMethod.java:50), org.junit.internal.runners.model.ReflectiveCallable.run(ReflectiveCallable.java:12), org.junit.runners.model.FrameworkMethod.invokeExplosively(FrameworkMethod.java:47), org.junit.internal.runners.statements.InvokeMethod.evaluate(InvokeMethod.java:17), org.junit.runners.ParentRunner.runLeaf(ParentRunner.java:325), org.junit.runners.BlockJUnit4ClassRunner.runChild(BlockJUnit4ClassRunner.java:78), org.junit.runners.BlockJUnit4ClassRunner.runChild(BlockJUnit4ClassRunner.java:57), org.junit.runners.ParentRunner$3.run(ParentRunner.java:290), org.junit.runners.ParentRunner$1.schedule(ParentRunner.java:71), org.junit.runners.ParentRunner.runChildren(ParentRunner.java:288), org.junit.runners.ParentRunner.access$000(ParentRunner.java:58), org.junit.runners.ParentRunner$2.evaluate(ParentRunner.java:268), org.junit.runners.ParentRunner.run(ParentRunner.java:363), org.gradle.api.internal.tasks.testing.junit.JUnitTestClassExecutor.runTestClass(JUnitTestClassExecutor.java:106), org.gradle.api.internal.tasks.testing.junit.JUnitTestClassExecutor.execute(JUnitTestClassExecutor.java:58), org.gradle.api.internal.tasks.testing.junit.JUnitTestClassExecutor.execute(JUnitTestClassExecutor.java:38), org.gradle.api.internal.tasks.testing.junit.AbstractJUnitTestClassProcessor.processTestClass(AbstractJUnitTestClassProcessor.java:66), org.gradle.api.internal.tasks.testing.SuiteTestClassProcessor.processTestClass(SuiteTestClassProcessor.java:51), sun.reflect.NativeMethodAccessorImpl.invoke0(Native Method), sun.reflect.NativeMethodAccessorImpl.invoke(NativeMethodAccessorImpl.java:62), sun.reflect.DelegatingMethodAccessorImpl.invoke(DelegatingMethodAccessorImpl.java:43), java.lang.reflect.Method.invoke(Method.java:498), org.gradle.internal.dispatch.ReflectionDispatch.dispatch(ReflectionDispatch.java:35), org.gradle.internal.dispatch.ReflectionDispatch.dispatch(ReflectionDispatch.java:24), org.gradle.internal.dispatch.ContextClassLoaderDispatch.dispatch(ContextClassLoaderDispatch.java:32), org.gradle.internal.dispatch.ProxyDispatchAdapter$DispatchingInvocationHandler.invoke(ProxyDispatchAdapter.java:93), com.sun.proxy.$Proxy2.processTestClass(Unknown Source), org.gradle.api.internal.tasks.testing.worker.TestWorker.processTestClass(TestWorker.java:117), sun.reflect.NativeMethodAccessorImpl.invoke0(Native Method), sun.reflect.NativeMethodAccessorImpl.invoke(NativeMethodAccessorImpl.java:62), sun.reflect.DelegatingMethodAccessorImpl.invoke(DelegatingMethodAccessorImpl.java:43), java.lang.reflect.Method.invoke(Method.java:498), org.gradle.internal.dispatch.ReflectionDispatch.dispatch(ReflectionDispatch.java:35), org.gradle.internal.dispatch.ReflectionDispatch.dispatch(ReflectionDispatch.java:24), org.gradle.internal.remote.internal.hub.MessageHubBackedObjectConnection$DispatchWrapper.dispatch(MessageHubBackedObjectConnection.java:155), org.gradle.internal.remote.internal.hub.MessageHubBackedObjectConnection$DispatchWrapper.dispatch(MessageHubBackedObjectConnection.java:137), org.gradle.internal.remote.internal.hub.MessageHub$Handler.run(MessageHub.java:404), org.gradle.internal.concurrent.ExecutorPolicy$CatchAndRecordFailures.onExecute(ExecutorPolicy.java:63), org.gradle.internal.concurrent.ManagedExecutorImpl$1.run(ManagedExecutorImpl.java:46), java.util.concurrent.ThreadPoolExecutor.runWorker(ThreadPoolExecutor.java:1149), java.util.concurrent.ThreadPoolExecutor$Worker.run(ThreadPoolExecutor.java:624), org.gradle.internal.concurrent.ThreadFactoryImpl$ManagedThreadRunnable.run(ThreadFactoryImpl.java:55), java.lang.Thread.run(Thread.java:748)]
2019-03-22 12:36:16 GUI [DEBUG] THEME: null
2019-03-22 12:36:16 GUI [DEBUG] THEME: null
2019-03-22 12:36:16 GUI [DEBUG] THEME: null
2019-03-22 12:36:16 GUI [DEBUG] THEME: null
2019-03-22 12:36:16 GUI [DEBUG] THEME: null
2019-03-22 12:36:16 GUI [DEBUG] THEME: null
2019-03-22 12:36:16 GUI [DEBUG] THEME: null
2019-03-22 12:36:16 GUI [DEBUG] THEME: null
2019-03-22 12:36:16 GUI [DEBUG] THEME: null
2019-03-22 12:36:16 GUI [DEBUG] THEME: null
2019-03-22 12:36:16 GUI [DEBUG] THEME: null
2019-03-22 12:36:16 GUI [DEBUG] THEME: null
2019-03-22 12:36:16 GUI [DEBUG] THEME: null
2019-03-22 12:36:16 GUI [DEBUG] THEME: null
2019-03-22 12:36:16 GUI [DEBUG] THEME: null
2019-03-22 12:36:16 GUI [DEBUG] THEME: null
2019-03-22 12:36:16 GUI [DEBUG] THEME: null
2019-03-22 12:36:16 GUI [DEBUG] THEME: null
2019-03-22 12:36:16 GUI [DEBUG] THEME: null
2019-03-22 12:36:16 GUI [DEBUG] THEME: null
2019-03-22 12:36:16 GUI [DEBUG] THEME: null
2019-03-22 12:36:16 GUI [DEBUG] THEME: null
2019-03-22 12:36:16 GUI [DEBUG] THEME: null
2019-03-22 12:36:16 GUI [DEBUG] THEME: null
2019-03-22 12:36:16 GUI [DEBUG] THEME: null
2019-03-22 12:36:16 GUI [DEBUG] THEME: null
2019-03-22 12:36:16 GUI [DEBUG] THEME: null
2019-03-22 12:36:16 GUI [DEBUG] THEME: null
2019-03-22 12:36:16 GUI [DEBUG] THEME: null
2019-03-22 12:36:16 GUI [DEBUG] THEME: null
2019-03-22 12:36:16 GUI [DEBUG] THEME: null
2019-03-22 12:36:16 GUI [DEBUG] THEME: null
2019-03-22 12:36:16 GUI [DEBUG] THEME: null
2019-03-22 12:36:16 GUI [DEBUG] THEME: null
2019-03-22 12:36:16 GUI [DEBUG] THEME: null
2019-03-22 12:36:16 GUI [DEBUG] THEME: null
2019-03-22 12:36:16 GUI [DEBUG] THEME: null
2019-03-22 12:36:16 GUI [DEBUG] THEME: null
2019-03-22 12:36:16 GUI [DEBUG] THEME: null
2019-03-22 12:36:16 GUI [DEBUG] THEME: null
2019-03-22 12:36:16 GUI [DEBUG] THEME: null
2019-03-22 12:36:16 GUI [DEBUG] THEME: null
2019-03-22 12:36:16 GUI [DEBUG] THEME: null
2019-03-22 12:36:16 GUI [DEBUG] THEME: null
2019-03-22 12:36:16 GUI [DEBUG] THEME: null
2019-03-22 12:36:16 GUI [DEBUG] THEME: null
2019-03-22 12:36:16 GUI [DEBUG] THEME: null
2019-03-22 12:36:16 GUI [DEBUG] THEME: null
2019-03-22 12:36:16 GUI [DEBUG] THEME: null
2019-03-22 12:36:16 GUI [DEBUG] THEME: null
2019-03-22 12:36:16 GUI [DEBUG] THEME: null
2019-03-22 12:36:18 Settings [DEBUG] Locale: en
2019-03-22 12:36:18 Settings [DEBUG] Locale: en
2019-03-22 12:36:18 Settings [DEBUG] Locale: en
2019-03-22 12:36:18 Settings [DEBUG] Locale: en
2019-03-22 12:36:18 Settings [DEBUG] Locale: en
2019-03-22 12:36:18 Game [DEBUG] next move, active player: CPU, color: BLACK, type: COMPUTER
2019-03-22 12:41:09 Settings [DEBUG] Locale: en
2019-03-22 12:41:09 Settings [DEBUG] Locale: en
2019-03-22 12:41:09 GUI [ERROR] IOException, some error during getting config file!,, message: Users/unaizafaiz/Documents/UIC/Spring2019/CloudComputing/Homework/unaiza_faiz_hw4/chessengine-restapi/libconfig.txt (No such file or directory) stackTrace: [java.io.FileOutputStream.open0(Native Method), java.io.FileOutputStream.open(FileOutputStream.java:270), java.io.FileOutputStream.<init>(FileOutputStream.java:213), java.io.FileOutputStream.<init>(FileOutputStream.java:162), pl.art.lach.mateusz.javaopenchess.utils.GUI.saveConfigFileOutsideJar(GUI.java:181), pl.art.lach.mateusz.javaopenchess.utils.GUI.loadConfigFile(GUI.java:157), pl.art.lach.mateusz.javaopenchess.utils.GUI.getConfigFile(GUI.java:143), pl.art.lach.mateusz.javaopenchess.utils.GUI.loadImage(GUI.java:79), pl.art.lach.mateusz.javaopenchess.display.views.chessboard.ChessboardView.<clinit>(ChessboardView.java:35), pl.art.lach.mateusz.javaopenchess.core.Chessboard.<init>(Chessboard.java:105), pl.art.lach.mateusz.javaopenchess.core.Game.init(Game.java:131), pl.art.lach.mateusz.javaopenchess.core.Game.<init>(Game.java:123), com.javaopenchess.engine.ChessEngine.<init>(ChessEngine.java:26), com.chessapi.utility.UtilityTest.getNextMove(UtilityTest.java:59), sun.reflect.NativeMethodAccessorImpl.invoke0(Native Method), sun.reflect.NativeMethodAccessorImpl.invoke(NativeMethodAccessorImpl.java:62), sun.reflect.DelegatingMethodAccessorImpl.invoke(DelegatingMethodAccessorImpl.java:43), java.lang.reflect.Method.invoke(Method.java:498), org.junit.runners.model.FrameworkMethod$1.runReflectiveCall(FrameworkMethod.java:50), org.junit.internal.runners.model.ReflectiveCallable.run(ReflectiveCallable.java:12), org.junit.runners.model.FrameworkMethod.invokeExplosively(FrameworkMethod.java:47), org.junit.internal.runners.statements.InvokeMethod.evaluate(InvokeMethod.java:17), org.junit.runners.ParentRunner.runLeaf(ParentRunner.java:325), org.junit.runners.BlockJUnit4ClassRunner.runChild(BlockJUnit4ClassRunner.java:78), org.junit.runners.BlockJUnit4ClassRunner.runChild(BlockJUnit4ClassRunner.java:57), org.junit.runners.ParentRunner$3.run(ParentRunner.java:290), org.junit.runners.ParentRunner$1.schedule(ParentRunner.java:71), org.junit.runners.ParentRunner.runChildren(ParentRunner.java:288), org.junit.runners.ParentRunner.access$000(ParentRunner.java:58), org.junit.runners.ParentRunner$2.evaluate(ParentRunner.java:268), org.junit.runners.ParentRunner.run(ParentRunner.java:363), org.gradle.api.internal.tasks.testing.junit.JUnitTestClassExecutor.runTestClass(JUnitTestClassExecutor.java:106), org.gradle.api.internal.tasks.testing.junit.JUnitTestClassExecutor.execute(JUnitTestClassExecutor.java:58), org.gradle.api.internal.tasks.testing.junit.JUnitTestClassExecutor.execute(JUnitTestClassExecutor.java:38), org.gradle.api.internal.tasks.testing.junit.AbstractJUnitTestClassProcessor.processTestClass(AbstractJUnitTestClassProcessor.java:66), org.gradle.api.internal.tasks.testing.SuiteTestClassProcessor.processTestClass(SuiteTestClassProcessor.java:51), sun.reflect.NativeMethodAccessorImpl.invoke0(Native Method), sun.reflect.NativeMethodAccessorImpl.invoke(NativeMethodAccessorImpl.java:62), sun.reflect.DelegatingMethodAccessorImpl.invoke(DelegatingMethodAccessorImpl.java:43), java.lang.reflect.Method.invoke(Method.java:498), org.gradle.internal.dispatch.ReflectionDispatch.dispatch(ReflectionDispatch.java:35), org.gradle.internal.dispatch.ReflectionDispatch.dispatch(ReflectionDispatch.java:24), org.gradle.internal.dispatch.ContextClassLoaderDispatch.dispatch(ContextClassLoaderDispatch.java:32), org.gradle.internal.dispatch.ProxyDispatchAdapter$DispatchingInvocationHandler.invoke(ProxyDispatchAdapter.java:93), com.sun.proxy.$Proxy2.processTestClass(Unknown Source), org.gradle.api.internal.tasks.testing.worker.TestWorker.processTestClass(TestWorker.java:117), sun.reflect.NativeMethodAccessorImpl.invoke0(Native Method), sun.reflect.NativeMethodAccessorImpl.invoke(NativeMethodAccessorImpl.java:62), sun.reflect.DelegatingMethodAccessorImpl.invoke(DelegatingMethodAccessorImpl.java:43), java.lang.reflect.Method.invoke(Method.java:498), org.gradle.internal.dispatch.ReflectionDispatch.dispatch(ReflectionDispatch.java:35), org.gradle.internal.dispatch.ReflectionDispatch.dispatch(ReflectionDispatch.java:24), org.gradle.internal.remote.internal.hub.MessageHubBackedObjectConnection$DispatchWrapper.dispatch(MessageHubBackedObjectConnection.java:155), org.gradle.internal.remote.internal.hub.MessageHubBackedObjectConnection$DispatchWrapper.dispatch(MessageHubBackedObjectConnection.java:137), org.gradle.internal.remote.internal.hub.MessageHub$Handler.run(MessageHub.java:404), org.gradle.internal.concurrent.ExecutorPolicy$CatchAndRecordFailures.onExecute(ExecutorPolicy.java:63), org.gradle.internal.concurrent.ManagedExecutorImpl$1.run(ManagedExecutorImpl.java:46), java.util.concurrent.ThreadPoolExecutor.runWorker(ThreadPoolExecutor.java:1149), java.util.concurrent.ThreadPoolExecutor$Worker.run(ThreadPoolExecutor.java:624), org.gradle.internal.concurrent.ThreadFactoryImpl$ManagedThreadRunnable.run(ThreadFactoryImpl.java:55), java.lang.Thread.run(Thread.java:748)]
2019-03-22 12:41:09 GUI [ERROR] IOException, some error during getting config file!,, message: Users/unaizafaiz/Documents/UIC/Spring2019/CloudComputing/Homework/unaiza_faiz_hw4/chessengine-restapi/libconfig.txt (No such file or directory) stackTrace: [java.io.FileInputStream.open0(Native Method), java.io.FileInputStream.open(FileInputStream.java:195), java.io.FileInputStream.<init>(FileInputStream.java:138), pl.art.lach.mateusz.javaopenchess.utils.GUI.loadOuterConfigFile(GUI.java:167), pl.art.lach.mateusz.javaopenchess.utils.GUI.loadConfigFile(GUI.java:159), pl.art.lach.mateusz.javaopenchess.utils.GUI.getConfigFile(GUI.java:143), pl.art.lach.mateusz.javaopenchess.utils.GUI.loadImage(GUI.java:79), pl.art.lach.mateusz.javaopenchess.display.views.chessboard.ChessboardView.<clinit>(ChessboardView.java:35), pl.art.lach.mateusz.javaopenchess.core.Chessboard.<init>(Chessboard.java:105), pl.art.lach.mateusz.javaopenchess.core.Game.init(Game.java:131), pl.art.lach.mateusz.javaopenchess.core.Game.<init>(Game.java:123), com.javaopenchess.engine.ChessEngine.<init>(ChessEngine.java:26), com.chessapi.utility.UtilityTest.getNextMove(UtilityTest.java:59), sun.reflect.NativeMethodAccessorImpl.invoke0(Native Method), sun.reflect.NativeMethodAccessorImpl.invoke(NativeMethodAccessorImpl.java:62), sun.reflect.DelegatingMethodAccessorImpl.invoke(DelegatingMethodAccessorImpl.java:43), java.lang.reflect.Method.invoke(Method.java:498), org.junit.runners.model.FrameworkMethod$1.runReflectiveCall(FrameworkMethod.java:50), org.junit.internal.runners.model.ReflectiveCallable.run(ReflectiveCallable.java:12), org.junit.runners.model.FrameworkMethod.invokeExplosively(FrameworkMethod.java:47), org.junit.internal.runners.statements.InvokeMethod.evaluate(InvokeMethod.java:17), org.junit.runners.ParentRunner.runLeaf(ParentRunner.java:325), org.junit.runners.BlockJUnit4ClassRunner.runChild(BlockJUnit4ClassRunner.java:78), org.junit.runners.BlockJUnit4ClassRunner.runChild(BlockJUnit4ClassRunner.java:57), org.junit.runners.ParentRunner$3.run(ParentRunner.java:290), org.junit.runners.ParentRunner$1.schedule(ParentRunner.java:71), org.junit.runners.ParentRunner.runChildren(ParentRunner.java:288), org.junit.runners.ParentRunner.access$000(ParentRunner.java:58), org.junit.runners.ParentRunner$2.evaluate(ParentRunner.java:268), org.junit.runners.ParentRunner.run(ParentRunner.java:363), org.gradle.api.internal.tasks.testing.junit.JUnitTestClassExecutor.runTestClass(JUnitTestClassExecutor.java:106), org.gradle.api.internal.tasks.testing.junit.JUnitTestClassExecutor.execute(JUnitTestClassExecutor.java:58), org.gradle.api.internal.tasks.testing.junit.JUnitTestClassExecutor.execute(JUnitTestClassExecutor.java:38), org.gradle.api.internal.tasks.testing.junit.AbstractJUnitTestClassProcessor.processTestClass(AbstractJUnitTestClassProcessor.java:66), org.gradle.api.internal.tasks.testing.SuiteTestClassProcessor.processTestClass(SuiteTestClassProcessor.java:51), sun.reflect.NativeMethodAccessorImpl.invoke0(Native Method), sun.reflect.NativeMethodAccessorImpl.invoke(NativeMethodAccessorImpl.java:62), sun.reflect.DelegatingMethodAccessorImpl.invoke(DelegatingMethodAccessorImpl.java:43), java.lang.reflect.Method.invoke(Method.java:498), org.gradle.internal.dispatch.ReflectionDispatch.dispatch(ReflectionDispatch.java:35), org.gradle.internal.dispatch.ReflectionDispatch.dispatch(ReflectionDispatch.java:24), org.gradle.internal.dispatch.ContextClassLoaderDispatch.dispatch(ContextClassLoaderDispatch.java:32), org.gradle.internal.dispatch.ProxyDispatchAdapter$DispatchingInvocationHandler.invoke(ProxyDispatchAdapter.java:93), com.sun.proxy.$Proxy2.processTestClass(Unknown Source), org.gradle.api.internal.tasks.testing.worker.TestWorker.processTestClass(TestWorker.java:117), sun.reflect.NativeMethodAccessorImpl.invoke0(Native Method), sun.reflect.NativeMethodAccessorImpl.invoke(NativeMethodAccessorImpl.java:62), sun.reflect.DelegatingMethodAccessorImpl.invoke(DelegatingMethodAccessorImpl.java:43), java.lang.reflect.Method.invoke(Method.java:498), org.gradle.internal.dispatch.ReflectionDispatch.dispatch(ReflectionDispatch.java:35), org.gradle.internal.dispatch.ReflectionDispatch.dispatch(ReflectionDispatch.java:24), org.gradle.internal.remote.internal.hub.MessageHubBackedObjectConnection$DispatchWrapper.dispatch(MessageHubBackedObjectConnection.java:155), org.gradle.internal.remote.internal.hub.MessageHubBackedObjectConnection$DispatchWrapper.dispatch(MessageHubBackedObjectConnection.java:137), org.gradle.internal.remote.internal.hub.MessageHub$Handler.run(MessageHub.java:404), org.gradle.internal.concurrent.ExecutorPolicy$CatchAndRecordFailures.onExecute(ExecutorPolicy.java:63), org.gradle.internal.concurrent.ManagedExecutorImpl$1.run(ManagedExecutorImpl.java:46), java.util.concurrent.ThreadPoolExecutor.runWorker(ThreadPoolExecutor.java:1149), java.util.concurrent.ThreadPoolExecutor$Worker.run(ThreadPoolExecutor.java:624), org.gradle.internal.concurrent.ThreadFactoryImpl$ManagedThreadRunnable.run(ThreadFactoryImpl.java:55), java.lang.Thread.run(Thread.java:748)]
2019-03-22 12:41:09 GUI [DEBUG] THEME: null
2019-03-22 12:41:10 GUI [DEBUG] THEME: null
2019-03-22 12:41:10 GUI [DEBUG] THEME: null
2019-03-22 12:41:10 GUI [DEBUG] THEME: null
2019-03-22 12:41:10 GUI [DEBUG] THEME: null
2019-03-22 12:41:10 GUI [DEBUG] THEME: null
2019-03-22 12:41:10 GUI [DEBUG] THEME: null
2019-03-22 12:41:10 GUI [DEBUG] THEME: null
2019-03-22 12:41:10 GUI [DEBUG] THEME: null
2019-03-22 12:41:10 GUI [DEBUG] THEME: null
2019-03-22 12:41:10 GUI [DEBUG] THEME: null
2019-03-22 12:41:10 GUI [DEBUG] THEME: null
2019-03-22 12:41:10 GUI [DEBUG] THEME: null
2019-03-22 12:41:10 GUI [DEBUG] THEME: null
2019-03-22 12:41:10 GUI [DEBUG] THEME: null
2019-03-22 12:41:10 GUI [DEBUG] THEME: null
2019-03-22 12:41:10 GUI [DEBUG] THEME: null
2019-03-22 12:41:10 GUI [DEBUG] THEME: null
2019-03-22 12:41:10 GUI [DEBUG] THEME: null
2019-03-22 12:41:10 GUI [DEBUG] THEME: null
2019-03-22 12:41:10 GUI [DEBUG] THEME: null
2019-03-22 12:41:10 GUI [DEBUG] THEME: null
2019-03-22 12:41:10 GUI [DEBUG] THEME: null
2019-03-22 12:41:10 GUI [DEBUG] THEME: null
2019-03-22 12:41:10 GUI [DEBUG] THEME: null
2019-03-22 12:41:10 GUI [DEBUG] THEME: null
2019-03-22 12:41:10 GUI [DEBUG] THEME: null
2019-03-22 12:41:10 GUI [DEBUG] THEME: null
2019-03-22 12:41:10 GUI [DEBUG] THEME: null
2019-03-22 12:41:10 GUI [DEBUG] THEME: null
2019-03-22 12:41:10 GUI [DEBUG] THEME: null
2019-03-22 12:41:10 GUI [DEBUG] THEME: null
2019-03-22 12:41:10 GUI [DEBUG] THEME: null
2019-03-22 12:41:10 GUI [DEBUG] THEME: null
2019-03-22 12:41:10 GUI [DEBUG] THEME: null
2019-03-22 12:41:10 GUI [DEBUG] THEME: null
2019-03-22 12:41:10 GUI [DEBUG] THEME: null
2019-03-22 12:41:10 GUI [DEBUG] THEME: null
2019-03-22 12:41:10 GUI [DEBUG] THEME: null
2019-03-22 12:41:10 GUI [DEBUG] THEME: null
2019-03-22 12:41:10 GUI [DEBUG] THEME: null
2019-03-22 12:41:10 GUI [DEBUG] THEME: null
2019-03-22 12:41:10 GUI [DEBUG] THEME: null
2019-03-22 12:41:10 GUI [DEBUG] THEME: null
2019-03-22 12:41:10 GUI [DEBUG] THEME: null
2019-03-22 12:41:10 GUI [DEBUG] THEME: null
2019-03-22 12:41:10 GUI [DEBUG] THEME: null
2019-03-22 12:41:10 GUI [DEBUG] THEME: null
2019-03-22 12:41:10 GUI [DEBUG] THEME: null
2019-03-22 12:41:10 GUI [DEBUG] THEME: null
2019-03-22 12:41:10 GUI [DEBUG] THEME: null
2019-03-22 12:41:11 Settings [DEBUG] Locale: en
2019-03-22 12:41:11 Settings [DEBUG] Locale: en
2019-03-22 12:41:11 Settings [DEBUG] Locale: en
2019-03-22 12:41:11 Settings [DEBUG] Locale: en
2019-03-22 12:41:11 Settings [DEBUG] Locale: en
2019-03-22 12:41:11 Game [DEBUG] next move, active player: CPU, color: BLACK, type: COMPUTER
